<?xml version="1.0" encoding="UTF-8"?>
<testsuite xmlns:xsi="http://www.w3.org/2001/XMLSchema-instance" xsi:noNamespaceSchemaLocation="https://maven.apache.org/surefire/maven-surefire-plugin/xsd/surefire-test-report-3.0.xsd" version="3.0" name="com.endava.calculator.CalculatorTest" time="0.076" tests="6" errors="0" skipped="0" failures="0">
  <properties>
    <property name="sun.desktop" value="windows"/>
    <property name="awt.toolkit" value="sun.awt.windows.WToolkit"/>
    <property name="java.specification.version" value="11"/>
    <property name="sun.cpu.isalist" value="amd64"/>
    <property name="sun.jnu.encoding" value="Cp1252"/>
    <property name="java.class.path" value="C:\sourceCode\mavenCalc\target\test-classes;C:\sourceCode\mavenCalc\target\classes;C:\Users\PDiaconescu\.m2\repository\commons-io\commons-io\2.11.0\commons-io-2.11.0.jar;C:\Users\PDiaconescu\.m2\repository\org\apache\commons\commons-lang3\3.12.0\commons-lang3-3.12.0.jar;C:\Users\PDiaconescu\.m2\repository\org\apache\logging\log4j\log4j-core\2.17.1\log4j-core-2.17.1.jar;C:\Users\PDiaconescu\.m2\repository\org\apache\logging\log4j\log4j-api\2.17.1\log4j-api-2.17.1.jar;C:\Users\PDiaconescu\.m2\repository\com\google\code\gson\gson\2.8.9\gson-2.8.9.jar;C:\Users\PDiaconescu\.m2\repository\com\fasterxml\jackson\core\jackson-databind\2.13.1\jackson-databind-2.13.1.jar;C:\Users\PDiaconescu\.m2\repository\com\fasterxml\jackson\core\jackson-annotations\2.13.1\jackson-annotations-2.13.1.jar;C:\Users\PDiaconescu\.m2\repository\com\fasterxml\jackson\core\jackson-core\2.13.1\jackson-core-2.13.1.jar;C:\Users\PDiaconescu\.m2\repository\commons-dbutils\commons-dbutils\1.7\commons-dbutils-1.7.jar;C:\Users\PDiaconescu\.m2\repository\mysql\mysql-connector-java\8.0.28\mysql-connector-java-8.0.28.jar;C:\Users\PDiaconescu\.m2\repository\com\google\protobuf\protobuf-java\3.11.4\protobuf-java-3.11.4.jar;C:\Users\PDiaconescu\.m2\repository\org\junit\jupiter\junit-jupiter-params\5.8.2\junit-jupiter-params-5.8.2.jar;C:\Users\PDiaconescu\.m2\repository\org\apiguardian\apiguardian-api\1.1.2\apiguardian-api-1.1.2.jar;C:\Users\PDiaconescu\.m2\repository\org\junit\jupiter\junit-jupiter-api\5.8.2\junit-jupiter-api-5.8.2.jar;C:\Users\PDiaconescu\.m2\repository\org\opentest4j\opentest4j\1.2.0\opentest4j-1.2.0.jar;C:\Users\PDiaconescu\.m2\repository\org\junit\platform\junit-platform-commons\1.8.2\junit-platform-commons-1.8.2.jar;"/>
    <property name="java.vm.vendor" value="Azul Systems, Inc."/>
    <property name="sun.arch.data.model" value="64"/>
    <property name="user.variant" value=""/>
    <property name="java.vendor.url" value="http://www.azul.com/"/>
    <property name="user.timezone" value="Europe/Athens"/>
    <property name="java.vm.specification.version" value="11"/>
    <property name="os.name" value="Windows 10"/>
    <property name="sun.java.launcher" value="SUN_STANDARD"/>
    <property name="user.country" value="US"/>
    <property name="sun.boot.library.path" value="C:\Program Files\Zulu\zulu-11\bin"/>
    <property name="sun.java.command" value="C:\Users\PDiaconescu\AppData\Local\Temp\surefire4902924671559051310\surefirebooter17030814619715265048.jar C:\Users\PDiaconescu\AppData\Local\Temp\surefire4902924671559051310 2022-01-26T17-22-48_682-jvmRun1 surefire728062984604255538tmp surefire_018036128342232636616tmp"/>
    <property name="jdk.debug" value="release"/>
    <property name="surefire.test.class.path" value="C:\sourceCode\mavenCalc\target\test-classes;C:\sourceCode\mavenCalc\target\classes;C:\Users\PDiaconescu\.m2\repository\commons-io\commons-io\2.11.0\commons-io-2.11.0.jar;C:\Users\PDiaconescu\.m2\repository\org\apache\commons\commons-lang3\3.12.0\commons-lang3-3.12.0.jar;C:\Users\PDiaconescu\.m2\repository\org\apache\logging\log4j\log4j-core\2.17.1\log4j-core-2.17.1.jar;C:\Users\PDiaconescu\.m2\repository\org\apache\logging\log4j\log4j-api\2.17.1\log4j-api-2.17.1.jar;C:\Users\PDiaconescu\.m2\repository\com\google\code\gson\gson\2.8.9\gson-2.8.9.jar;C:\Users\PDiaconescu\.m2\repository\com\fasterxml\jackson\core\jackson-databind\2.13.1\jackson-databind-2.13.1.jar;C:\Users\PDiaconescu\.m2\repository\com\fasterxml\jackson\core\jackson-annotations\2.13.1\jackson-annotations-2.13.1.jar;C:\Users\PDiaconescu\.m2\repository\com\fasterxml\jackson\core\jackson-core\2.13.1\jackson-core-2.13.1.jar;C:\Users\PDiaconescu\.m2\repository\commons-dbutils\commons-dbutils\1.7\commons-dbutils-1.7.jar;C:\Users\PDiaconescu\.m2\repository\mysql\mysql-connector-java\8.0.28\mysql-connector-java-8.0.28.jar;C:\Users\PDiaconescu\.m2\repository\com\google\protobuf\protobuf-java\3.11.4\protobuf-java-3.11.4.jar;C:\Users\PDiaconescu\.m2\repository\org\junit\jupiter\junit-jupiter-params\5.8.2\junit-jupiter-params-5.8.2.jar;C:\Users\PDiaconescu\.m2\repository\org\apiguardian\apiguardian-api\1.1.2\apiguardian-api-1.1.2.jar;C:\Users\PDiaconescu\.m2\repository\org\junit\jupiter\junit-jupiter-api\5.8.2\junit-jupiter-api-5.8.2.jar;C:\Users\PDiaconescu\.m2\repository\org\opentest4j\opentest4j\1.2.0\opentest4j-1.2.0.jar;C:\Users\PDiaconescu\.m2\repository\org\junit\platform\junit-platform-commons\1.8.2\junit-platform-commons-1.8.2.jar;"/>
    <property name="sun.cpu.endian" value="little"/>
    <property name="user.home" value="C:\Users\PDiaconescu"/>
    <property name="user.language" value="en"/>
    <property name="java.specification.vendor" value="Oracle Corporation"/>
    <property name="java.version.date" value="2021-10-19"/>
    <property name="java.home" value="C:\Program Files\Zulu\zulu-11"/>
    <property name="file.separator" value="\"/>
    <property name="basedir" value="C:\sourceCode\mavenCalc"/>
    <property name="java.vm.compressedOopsMode" value="Zero based"/>
    <property name="line.separator" value="&#10;"/>
    <property name="java.specification.name" value="Java Platform API Specification"/>
    <property name="java.vm.specification.vendor" value="Oracle Corporation"/>
    <property name="jdk.vendor.version" value="Zulu11.52+13-CA"/>
    <property name="java.awt.graphicsenv" value="sun.awt.Win32GraphicsEnvironment"/>
    <property name="surefire.real.class.path" value="C:\Users\PDiaconescu\AppData\Local\Temp\surefire4902924671559051310\surefirebooter17030814619715265048.jar"/>
    <property name="user.script" value=""/>
    <property name="sun.management.compiler" value="HotSpot 64-Bit Tiered Compilers"/>
    <property name="java.runtime.version" value="11.0.13+8-LTS"/>
    <property name="user.name" value="PDiaconescu"/>
    <property name="path.separator" value=";"/>
    <property name="os.version" value="10.0"/>
    <property name="java.runtime.name" value="OpenJDK Runtime Environment"/>
    <property name="file.encoding" value="Cp1252"/>
    <property name="java.vm.name" value="OpenJDK 64-Bit Server VM"/>
    <property name="java.vendor.version" value="Zulu11.52+13-CA"/>
    <property name="localRepository" value="C:\Users\PDiaconescu\.m2\repository"/>
    <property name="java.vendor.url.bug" value="http://www.azul.com/support/"/>
    <property name="java.io.tmpdir" value="C:\Users\PDIACO~1\AppData\Local\Temp\"/>
    <property name="java.version" value="11.0.13"/>
    <property name="user.dir" value="C:\sourceCode\mavenCalc"/>
    <property name="os.arch" value="amd64"/>
    <property name="java.vm.specification.name" value="Java Virtual Machine Specification"/>
    <property name="java.awt.printerjob" value="sun.awt.windows.WPrinterJob"/>
    <property name="sun.os.patch.level" value=""/>
    <property name="java.library.path" value="C:\Program Files\Zulu\zulu-11\bin;C:\WINDOWS\Sun\Java\bin;C:\WINDOWS\system32;C:\WINDOWS;C:\Users\PDiaconescu\bin;C:\Program Files\Git\mingw64\bin;C:\Program Files\Git\usr\local\bin;C:\Program Files\Git\usr\bin;C:\Program Files\Git\usr\bin;C:\Program Files\Git\mingw64\bin;C:\Program Files\Git\usr\bin;C:\Users\PDiaconescu\bin;C:\Program Files\Zulu\zulu-11\bin;C:\WINDOWS\system32;C:\WINDOWS;C:\WINDOWS\System32\Wbem;C:\WINDOWS\System32\WindowsPowerShell\v1.0;C:\WINDOWS\System32\OpenSSH;C:\Program Files\Git\cmd;C:\Users\PDiaconescu\Downloads\apache-maven-3.8.4-bin\apache-maven-3.8.4\bin;C:\Users\PDiaconescu\AppData\Local\Microsoft\WindowsApps;C:\Program Files\JetBrains\IntelliJ IDEA Community Edition 2021.3\bin;C:\Program Files\Git\usr\bin\vendor_perl;C:\Program Files\Git\usr\bin\core_perl;."/>
    <property name="java.vm.info" value="mixed mode"/>
    <property name="java.vendor" value="Azul Systems, Inc."/>
    <property name="java.vm.version" value="11.0.13+8-LTS"/>
    <property name="sun.io.unicode.encoding" value="UnicodeLittle"/>
    <property name="java.class.version" value="55.0"/>
  </properties>
  <testcase name="shouldUsePowWithExponentNegativeNumbers" classname="com.endava.calculator.CalculatorTest" time="0.021">
    <system-out><![CDATA[Before All

Before Each
17:22:49.924 [main] INFO  com.endava.extensions.TestReporterExtensions - 
 starting testCalculatorTest/shouldUsePowWithExponentNegativeNumbers()
17:22:49.929 [main] INFO  com.endava.calculator.CalculatorTest - 0.0625
17:22:49.929 [main] INFO  com.endava.extensions.TestReporterExtensions - 
finishing testCalculatorTest/shouldUsePowWithExponentNegativeNumbers() 
After Each

]]></system-out>
  </testcase>
  <testcase name="shouldAddNumberGivenOperand0(int, int)[1]" classname="com.endava.calculator.CalculatorTest" time="0.014">
    <system-out><![CDATA[
Before Each
17:22:49.949 [main] INFO  com.endava.extensions.TestReporterExtensions - 
 starting testCalculatorTest/[1] 2, 0
2
17:22:49.961 [main] INFO  com.endava.extensions.TestReporterExtensions - 
finishing testCalculatorTest/[1] 2, 0 
After Each

]]></system-out>
  </testcase>
  <testcase name="shouldAddNumberGivenOperand0(int, int)[2]" classname="com.endava.calculator.CalculatorTest" time="0.001">
    <system-out><![CDATA[
Before Each
17:22:49.967 [main] INFO  com.endava.extensions.TestReporterExtensions - 
 starting testCalculatorTest/[2] 0, 2
2
17:22:49.967 [main] INFO  com.endava.extensions.TestReporterExtensions - 
finishing testCalculatorTest/[2] 0, 2 
After Each

]]></system-out>
  </testcase>
  <testcase name="shouldMultiplyWithNegativeNumbers" classname="com.endava.calculator.CalculatorTest" time="0.001">
    <system-out><![CDATA[
Before Each
17:22:49.968 [main] INFO  com.endava.extensions.TestReporterExtensions - 
 starting testCalculatorTest/shouldMultiplyWithNegativeNumbers()
17:22:49.969 [main] INFO  com.endava.calculator.CalculatorTest - 8
17:22:49.969 [main] INFO  com.endava.extensions.TestReporterExtensions - 
finishing testCalculatorTest/shouldMultiplyWithNegativeNumbers() 
After Each

]]></system-out>
  </testcase>
  <testcase name="shouldFactorialWith0" classname="com.endava.calculator.CalculatorTest" time="0.002">
    <system-out><![CDATA[
Before Each
17:22:49.969 [main] INFO  com.endava.extensions.TestReporterExtensions - 
 starting testCalculatorTest/shouldFactorialWith0()
17:22:49.971 [main] INFO  com.endava.calculator.CalculatorTest - 1.0
17:22:49.971 [main] INFO  com.endava.extensions.TestReporterExtensions - 
finishing testCalculatorTest/shouldFactorialWith0() 
After Each

]]></system-out>
  </testcase>
  <testcase name="shouldAddNegativeNumbers" classname="com.endava.calculator.CalculatorTest" time="0.001">
    <system-out><![CDATA[
Before Each
17:22:49.972 [main] INFO  com.endava.extensions.TestReporterExtensions - 
 starting testCalculatorTest/shouldAddNegativeNumbers()
-6
17:22:49.972 [main] INFO  com.endava.extensions.TestReporterExtensions - 
finishing testCalculatorTest/shouldAddNegativeNumbers() 
After Each

]]></system-out>
  </testcase>
</testsuite>